[2m2025-10-06T12:48:31.442357Z[0m [32m INFO[0m [2mcargo_tarpaulin::config[0m[2m:[0m Creating config
[2m2025-10-06T12:48:31.788338Z[0m [32m INFO[0m [2mcargo_tarpaulin[0m[2m:[0m Running Tarpaulin
[2m2025-10-06T12:48:31.788349Z[0m [32m INFO[0m [2mcargo_tarpaulin[0m[2m:[0m Building project
   Compiling proc-macro2 v1.0.95
   Compiling unicode-ident v1.0.18
   Compiling cfg-if v1.0.1
   Compiling serde v1.0.219
   Compiling libc v0.2.174
   Compiling autocfg v1.5.0
   Compiling log v0.4.27
   Compiling equivalent v1.0.2
   Compiling cfg_aliases v0.2.1
   Compiling libm v0.2.15
   Compiling crossbeam-utils v0.8.21
   Compiling zerocopy v0.8.26
   Compiling parking_lot_core v0.9.11
   Compiling scopeguard v1.2.0
   Compiling pin-project-lite v0.2.16
   Compiling foldhash v0.1.5
   Compiling hashbrown v0.15.4
   Compiling quote v1.0.40
   Compiling syn v2.0.104
   Compiling lock_api v0.4.13
   Compiling indexmap v2.10.0
   Compiling toml_datetime v0.6.11
   Compiling winnow v0.7.12
   Compiling getrandom v0.2.16
   Compiling smallvec v1.15.1
   Compiling rand_core v0.6.4
   Compiling getrandom v0.3.3
   Compiling ppv-lite86 v0.2.21
   Compiling unicode-xid v0.2.6
   Compiling parking_lot v0.12.4
   Compiling once_cell v1.21.3
   Compiling thiserror v2.0.12
   Compiling rand_chacha v0.3.1
   Compiling parking v2.2.1
   Compiling num-traits v0.2.19
   Compiling rand v0.8.5
   Compiling concurrent-queue v2.5.0
   Compiling rand_core v0.9.3
   Compiling toml_edit v0.22.27
   Compiling mint v0.5.9
   Compiling rand_chacha v0.9.0
   Compiling typeid v1.0.3
   Compiling futures-core v0.3.31
   Compiling rand v0.9.2
   Compiling fastrand v2.3.0
   Compiling spin v0.9.8
   Compiling futures-io v0.3.31
   Compiling thread_local v1.1.9
   Compiling slab v0.4.10
   Compiling futures-lite v2.6.0
   Compiling async-task v4.7.1
   Compiling atomic-waker v1.1.2
   Compiling uuid v1.17.0
   Compiling downcast-rs v2.0.1
   Compiling disqualified v1.0.0
   Compiling bevy_ptr v0.16.1
   Compiling nix v0.30.1
   Compiling bevy_macro_utils v0.16.1
   Compiling arrayvec v0.7.6
   Compiling crossbeam-queue v0.3.12
   Compiling nonmax v0.5.5
   Compiling either v1.15.0
   Compiling async-executor v1.13.2
   Compiling fixedbitset v0.5.7
   Compiling bumpalo v3.19.0
   Compiling tracing-core v0.1.34
   Compiling lazy_static v1.5.0
   Compiling libloading v0.8.8
   Compiling memchr v2.7.5
   Compiling pkg-config v0.3.32
   Compiling bitflags v1.3.2
   Compiling thiserror v1.0.69
   Compiling itertools v0.14.0
   Compiling rand_distr v0.4.3
   Compiling aho-corasick v1.1.3
   Compiling event-listener v5.4.0
   Compiling rustversion v1.0.21
   Compiling regex-syntax v0.8.5
   Compiling event-listener-strategy v0.5.4
   Compiling simd-adler32 v0.3.7
   Compiling crc32fast v1.5.0
   Compiling raw-window-handle v0.6.2
   Compiling adler2 v2.0.1
   Compiling regex-syntax v0.6.29
   Compiling shlex v1.3.0
   Compiling heck v0.5.0
   Compiling regex-automata v0.4.9
   Compiling version_check v0.9.5
   Compiling regex-automata v0.1.10
   Compiling regex v1.11.1
   Compiling cc v1.2.30
   Compiling miniz_oxide v0.8.9
   Compiling synstructure v0.13.2
   Compiling encase_derive_impl v0.10.0
   Compiling crossbeam-channel v0.5.15
   Compiling naga v24.0.0
   Compiling rustc-hash v1.1.0
   Compiling bit-vec v0.8.0
   Compiling overload v0.1.1
   Compiling termcolor v1.4.1
   Compiling unicode-width v0.1.14
   Compiling nu-ansi-term v0.46.0
   Compiling codespan-reporting v0.11.1
   Compiling bit-set v0.8.0
   Compiling flate2 v1.1.2
   Compiling matchers v0.1.0
   Compiling fdeflate v0.3.7
   Compiling async-channel v2.5.0
   Compiling tracing-log v0.2.0
   Compiling sharded-slab v0.1.7
   Compiling piper v0.2.4
   Compiling half v2.6.0
   Compiling hexf-parse v0.2.1
   Compiling khronos-egl v6.0.0
   Compiling tinyvec_macros v0.1.1
   Compiling ash v0.38.0+1.3.281
   Compiling profiling v1.0.17
   Compiling tinyvec v1.9.0
   Compiling blocking v1.6.2
   Compiling png v0.17.16
   Compiling async-lock v3.4.0
   Compiling wgpu-hal v24.0.4
   Compiling const_panic v0.2.13
   Compiling base64 v0.21.7
   Compiling constant_time_eq v0.3.1
   Compiling byteorder-lite v0.1.0
   Compiling arrayref v0.3.9
   Compiling async-fs v2.1.3
   Compiling blake3 v1.8.2
   Compiling async-broadcast v0.7.2
   Compiling euclid v0.22.11
   Compiling ordered-float v4.6.0
   Compiling wgpu-core v24.0.5
   Compiling const_soft_float v0.1.4
   Compiling glow v0.16.0
   Compiling stable_deref_trait v1.2.0
   Compiling svg_fmt v0.4.5
   Compiling renderdoc-sys v1.1.0
   Compiling litrs v0.4.2
   Compiling stackfuture v0.3.0
   Compiling atomicow v1.1.0
   Compiling guillotiere v0.6.2
   Compiling constgebra v0.1.4
   Compiling wgpu v24.0.5
   Compiling bit-vec v0.6.3
   Compiling rectangle-pack v0.4.2
   Compiling rustix v0.38.44
   Compiling bit-set v0.5.3
   Compiling slotmap v1.0.7
   Compiling static_assertions v1.1.0
   Compiling data-encoding v2.9.0
   Compiling linux-raw-sys v0.4.15
   Compiling document-features v0.2.11
   Compiling percent-encoding v2.3.1
   Compiling const-fnv1a-hash v1.1.0
   Compiling rustix v1.0.8
   Compiling offset-allocator v0.2.0
   Compiling linux-raw-sys v0.9.4
   Compiling x11-dl v2.21.0
   Compiling as-raw-xcb-connection v1.0.1
   Compiling roxmltree v0.20.0
   Compiling x11rb-protocol v0.13.1
   Compiling fontconfig-parser v0.5.8
   Compiling libudev-sys v0.1.4
   Compiling dlib v0.5.2
   Compiling memmap2 v0.9.7
   Compiling nix v0.29.0
   Compiling winit v0.30.12
   Compiling unicode-script v0.5.7
   Compiling unicode-ccc v0.2.0
   Compiling unicode-segmentation v1.12.0
   Compiling ttf-parser v0.21.1
   Compiling yazi v0.2.1
   Compiling xkeysym v0.2.1
   Compiling zeno v0.3.3
   Compiling serde_derive v1.0.219
   Compiling bytemuck_derive v1.10.0
   Compiling thiserror-impl v2.0.12
   Compiling derive_more-impl v1.0.0
   Compiling assert_type_match v0.1.1
   Compiling variadics_please v1.1.0
   Compiling bevy_reflect_derive v0.16.1
   Compiling bevy_ecs_macros v0.16.1
   Compiling bevy_derive v0.16.1
   Compiling bytemuck v1.23.1
   Compiling tracing-attributes v0.1.30
   Compiling thiserror-impl v1.0.69
   Compiling strum_macros v0.26.4
   Compiling bitflags v2.9.1
   Compiling glam v0.29.3
   Compiling smol_str v0.2.2
   Compiling bevy_platform v0.16.1
   Compiling erased-serde v0.4.6
   Compiling bevy_utils v0.16.1
   Compiling tracing v0.1.41
   Compiling wgpu-types v24.0.0
   Compiling derive_more v1.0.0
   Compiling ctrlc v3.4.7
   Compiling bevy_tasks v0.16.1
   Compiling spirv v0.3.0+sdk-1.3.268.0
   Compiling tracing-subscriber v0.3.19
   Compiling gpu-descriptor-types v0.2.0
   Compiling gpu-alloc-types v0.3.0
   Compiling bevy_reflect v0.16.1
   Compiling encase_derive v0.10.0
   Compiling zerofrom-derive v0.1.6
   Compiling gpu-alloc v0.6.0
   Compiling gpu-descriptor v0.3.2
   Compiling ron v0.8.1
   Compiling image v0.25.6
   Compiling encase v0.10.0
   Compiling strum v0.26.3
   Compiling bevy_asset_macros v0.16.1
   Compiling yoke-derive v0.8.0
   Compiling bevy_ecs v0.16.1
   Compiling bevy_math v0.16.1
   Compiling bevy_color v0.16.2
   Compiling zerofrom v0.1.6
   Compiling yoke v0.8.0
   Compiling bevy_app v0.16.1
   Compiling bevy_input v0.16.1
   Compiling bevy_log v0.16.1
   Compiling bevy_window v0.16.1
   Compiling bevy_time v0.16.1
   Compiling bevy_asset v0.16.1
   Compiling bevy_image v0.16.1
   Compiling bevy_transform v0.16.1
   Compiling bevy_mikktspace v0.16.1
   Compiling hexasphere v15.1.0
   Compiling zerovec-derive v0.11.1
   Compiling bevy_mesh v0.16.1
   Compiling bevy_diagnostic v0.16.1
   Compiling zerovec v0.11.4
   Compiling naga_oil v0.17.1
   Compiling font-types v0.9.0
   Compiling bevy_render_macros v0.16.1
   Compiling bevy_encase_derive v0.16.1
   Compiling displaydoc v0.2.5
   Compiling read-fonts v0.29.3
   Compiling enumn v0.1.14
   Compiling polling v3.9.0
   Compiling x11rb v0.13.1
   Compiling accesskit v0.18.0
   Compiling skrifa v0.31.3
   Compiling unicode-bidi-mirroring v0.2.0
   Compiling radsort v0.1.1
   Compiling ttf-parser v0.20.0
   Compiling unicode-properties v0.1.3
   Compiling rustybuzz v0.14.1
   Compiling tinystr v0.8.1
   Compiling calloop v0.13.0
   Compiling bevy_render v0.16.1
   Compiling swash v0.2.5
   Compiling fontdb v0.16.2
   Compiling xkbcommon-dl v0.4.2
   Compiling inotify-sys v0.1.5
   Compiling unicode-bidi v0.3.18
   Compiling sys-locale v0.3.2
   Compiling litemap v0.8.0
   Compiling cursor-icon v1.2.0
   Compiling self_cell v1.2.0
   Compiling writeable v0.6.1
   Compiling dpi v0.1.2
   Compiling rangemap v1.6.0
   Compiling unicode-linebreak v0.1.5
   Compiling icu_locale_core v2.0.0
   Compiling cosmic-text v0.13.2
   Compiling inotify v0.11.0
   Compiling bevy_core_pipeline v0.16.1
   Compiling bevy_a11y v0.16.1
   Compiling zerotrie v0.2.2
   Compiling potential_utf v0.1.3
   Compiling vec_map v0.8.2
   Compiling icu_properties_data v2.0.1
   Compiling grid v0.15.0
   Compiling icu_normalizer_data v2.0.0
   Compiling gilrs v0.11.0
   Compiling taffy v0.7.7
   Compiling gilrs-core v0.6.4
   Compiling icu_collections v2.0.0
   Compiling icu_provider v2.0.0
   Compiling accesskit_winit v0.25.0
   Compiling bevy_input_focus v0.16.1
   Compiling symphonia-core v0.5.4
   Compiling approx v0.5.1
   Compiling encoding_rs v0.8.35
   Compiling fnv v1.0.7
   Compiling symphonia-metadata v0.5.4
   Compiling bevy_winit v0.16.1
   Compiling bevy_picking v0.16.1
   Compiling alsa-sys v0.3.1
   Compiling icu_normalizer v2.0.0
   Compiling icu_properties v2.0.1
   Compiling bevy_gilrs v0.16.1
   Compiling symphonia-utils-xiph v0.5.4
   Compiling ahash v0.8.12
   Compiling bevy_sprite v0.16.1
   Compiling ttf-parser v0.25.1
   Compiling owned_ttf_parser v0.25.1
   Compiling idna_adapter v1.2.1
   Compiling emath v0.32.3
   Compiling crossbeam-epoch v0.9.18
   Compiling cpal v0.15.3
   Compiling rayon-core v1.13.0
   Compiling serde_json v1.0.141
   Compiling utf8_iter v1.0.4
   Compiling bevy_text v0.16.1
   Compiling bevy_ui v0.16.1
   Compiling ab_glyph_rasterizer v0.1.10
   Compiling paste v1.0.15
   Compiling ab_glyph v0.2.32
   Compiling idna v1.1.0
   Compiling crossbeam-deque v0.8.6
   Compiling ecolor v0.32.3
   Compiling alsa v0.9.1
   Compiling bevy_internal v0.16.1
   Compiling symphonia-codec-vorbis v0.5.4
   Compiling bevy v0.16.1
   Compiling symphonia-format-ogg v0.5.4
   Compiling form_urlencoded v1.2.2
   Compiling clap_lex v0.7.5
   Compiling dasp_sample v0.11.0
   Compiling plotters-backend v0.3.7
   Compiling itoa v1.0.15
   Compiling ciborium-io v0.2.2
   Compiling nohash-hasher v0.2.0
   Compiling epaint_default_fonts v0.32.3
   Compiling anstyle v1.0.13
   Compiling anyhow v1.0.100
   Compiling ryu v1.0.20
   Compiling clap_builder v4.5.48
